

>>get_info()

account: Laura    Lopez  balance: 45934
account: April    Allen  balance: 67156
account: Chelsea    Miller  balance: 98139
account: David    Smith  balance: 60428
account: Nicole    Powell  balance: 24686
account: Christopher    Garcia  balance: 17858
account: Austin    Blanchard  balance: 57331
account: Cynthia    Clark  balance: 20077
account: Charles    Schneider  balance: 80332
account: Lindsay    Hall  balance: 32273
account: Tracy    Crawford  balance: 60785
account: Matthew    Macdonald  balance: 47756
account: Benjamin    Knapp  balance: 149
account: Lorraine    Ford  balance: 75885
account: James    Miller  balance: 11119
account: Kendra    Morgan  balance: 74398
account: Robert    Phillips  balance: 14494
account: Stanley    Taylor  balance: 26103
account: Troy    Escobar  balance: 5544
account: Thomas    Ritter  balance: 69343
account: Anthony    Bryant  balance: 61427
account: Timothy    Petersen  balance: 35717
account: Rachel    Obrien  balance: 98483
account: Kathleen    Weaver  balance: 87075
account: Ryan    Williams  balance: 62132
account: Margaret    Baker  balance: 72761
account: David    Cook  balance: 60068
account: Evan    Thomas  balance: 80583
account: Patrick    Hancock  balance: 48592
account: Rebecca    Guzman  balance: 12193
account: Kathryn    Leach  balance: 58874
account: Lisa    Williams  balance: 38351
account: Danielle    Mccullough  balance: 60694
account: Amy    Hale  balance: 83324
account: Kayla    Clark  balance: 82921
account: Brandon    Stephens  balance: 89717
account: Elizabeth    Moreno  balance: 12399
account: Brenda    Mendoza  balance: 18720
account: Paul    Crosby  balance: 29377
account: Frank    Mitchell  balance: 97943
account: Stephen    Adams  balance: 61127
account: Sarah    Brown  balance: 1876
account: Stephanie    Middleton  balance: 90039
account: Rebekah    Sullivan  balance: 93291
account: Jeffery    Nelson  balance: 48168
account: Mary    Wilson  balance: 45154
account: Christopher    Mcdaniel  balance: 301
account: Helen    Rojas  balance: 84293
account: Tamara    Garrett  balance: 57288
account: Steven    Dennis  balance: 99024
account: Lori    Howard  balance: 92578
account: Amber    Rodriguez  balance: 61461
account: Joseph    Gonzalez  balance: 14256
account: Christopher    Reed  balance: 69228
account: Regina    Page  balance: 79295
account: Michelle    Burke  balance: 23927
account: Steven    Johnson  balance: 87182
account: Kerry    Banks  balance: 78950
account: Kendra    Rice  balance: 17059
account: David    Garcia  balance: 2290
account: Randall    Phillips  balance: 26503
account: Michelle    Baldwin  balance: 16390
account: Heather    Fox  balance: 44327
account: Lisa    Cook  balance: 36493
account: Geoffrey    Smith  balance: 81012
account: Megan    Daniels  balance: 33541
account: John    Garrett  balance: 89323
account: Kyle    Medina  balance: 93116
account: Ruben    Martinez  balance: 1993
account: Richard    Warren  balance: 29284
account: Kimberly    Richardson  balance: 14145
account: Mary    Deleon  balance: 64904
account: Stephanie    Norris  balance: 58909
account: David    Davis  balance: 74803
account: Donna    Webb  balance: 99484
account: Ashley    Li  balance: 64734
account: Curtis    Santana  balance: 71878
account: Daniel    Johnson  balance: 74116
account: Angela    Gray  balance: 6055
account: Sydney    Morris  balance: 32546
account: Victoria    Baker  balance: 19422
account: Joshua    Thompson  balance: 36167
account: Margaret    Castaneda  balance: 98870
account: Lisa    Melton  balance: 8078
account: Shawn    Conway  balance: 29422
account: Dylan    Lucas  balance: 15210
account: Jacqueline    Miller  balance: 78578
account: Kelly    Le  balance: 49141
account: Scott    Moore  balance: 46335
account: Joel    Cook  balance: 37963
account: Amber    Ross  balance: 3540
account: Anita    Ellis  balance: 24906
account: Robert    Kane  balance: 12992
account: Carl    Davidson  balance: 70970
account: Ronald    Moore  balance: 89407
account: Lisa    Kelly  balance: 16336
account: April    Bailey  balance: 39101
account: Laura    Brock  balance: 25544
account: Gabriella    Kelley  balance: 42998
account: Steven    Stewart  balance: 81463
account: Carolyn    Bailey  balance: 71268
account: Stephanie    Bradley  balance: 64919
account: Edward    Barber  balance: 86666
account: Sara    Mckay  balance: 7083
account: Jennifer    Dudley  balance: 4312
account: Kevin    Wallace  balance: 87407
account: Sarah    Rhodes  balance: 5659
account: Nicole    Ramos  balance: 79863
account: Sara    Cook  balance: 42876
account: Richard    Collier  balance: 12935
account: Daniel    Young  balance: 1373
account: Caroline    Rowe  balance: 8072
account: Alexandra    Garcia  balance: 4769
account: Erik    Foster  balance: 34421
account: Christina    Martinez  balance: 56760
account: Denise    Cunningham  balance: 27831
account: Patrick    Thompson  balance: 8798
account: Summer    Craig  balance: 30857
account: Juan    Mills  balance: 43550
account: John    Guzman  balance: 85799
account: Mark    Collins  balance: 7085
account: Spencer    Hatfield  balance: 13678
account: Ashley    Torres  balance: 98126
account: Frederick    Rogers  balance: 19931
account: Robert    Eaton  balance: 53021
account: Heather    Santiago  balance: 69334
account: Allison    Potts  balance: 43237
account: Matthew    Miller  balance: 33033
account: Michael    Adams  balance: 66727
account: Christina    Morton  balance: 24530
account: Joshua    Vargas  balance: 45157
account: Jeffery    Huang  balance: 14971
account: Tyler    Atkinson  balance: 54863
account: Jeffrey    Mueller  balance: 88354
account: Jeffery    Rodriguez  balance: 4237
account: Derek    Fitzgerald  balance: 64548
account: Jessica    Phillips  balance: 56198
account: Ashley    Nguyen  balance: 1203
account: Debra    Johnson  balance: 78762
account: Jacob    Ross  balance: 37514
account: Brianna    Cameron  balance: 41642
account: James    Flores  balance: 40020
account: Joseph    Davis  balance: 92994
account: James    Dunn  balance: 63532
account: Felicia    Hill  balance: 4517
account: Jamie    Snyder  balance: 80816
account: Karen    Adams  balance: 74184
account: Bradley    Rodriguez  balance: 5385
account: Lisa    Griffin  balance: 58724
account: Caitlin    Cole  balance: 49328
account: Deanna    West  balance: 83563
account: Lisa    Hunter  balance: 76240
account: Emma    Nelson  balance: 23737
account: Anthony    Williams  balance: 98583
account: Kenneth    Andersen  balance: 34103
account: James    Rodriguez  balance: 21212
account: Shannon    Peterson  balance: 37682
account: Mallory    King  balance: 46648
account: Jennifer    Lopez  balance: 12223
account: Mario    Lawrence  balance: 19991
account: Christopher    Murphy  balance: 83279
account: Maria    Floyd  balance: 37930
account: James    Barnes  balance: 68261
account: Cameron    Tapia  balance: 10935
account: Lisa    Chandler  balance: 48293
account: Barbara    Zamora  balance: 94290
account: Lance    Thompson  balance: 19961
account: Clifford    Jefferson  balance: 51729
account: Rodney    Rodriguez  balance: 8674
account: Mariah    Reed  balance: 65750
account: William    Garza  balance: 58994
account: James    Brown  balance: 7674
account: Timothy    Farmer  balance: 97976
account: Shawn    Ramirez  balance: 55097
account: Shannon    Thomas  balance: 98820
account: Robert    Meyer  balance: 89337
account: Curtis    Adams  balance: 68692
account: Denise    Davis  balance: 6542
account: Zachary    Young  balance: 33275
account: Zachary    Shepard  balance: 167
account: Colton    Hodges  balance: 21744
account: Derrick    Wu  balance: 78087
account: Stephen    Payne  balance: 15876
account: Michelle    Carter  balance: 85000
account: Sheila    Flores  balance: 83751
account: Ricardo    Murphy  balance: 83321
account: Teresa    Vasquez  balance: 75556
account: Haley    Valdez  balance: 36318
account: Anthony    Barton  balance: 17447
account: Jonathan    Rivera  balance: 68670
account: Alicia    Kelley  balance: 46216
account: Kimberly    King  balance: 22511
account: Heather    Taylor  balance: 6916
account: Shannon    Weeks  balance: 39557
account: Angela    Webb  balance: 26013
account: Julie    Griffith  balance: 24987
account: Christopher    Moore  balance: 13164
account: Carrie    Smith  balance: 44903
account: James    Smith  balance: 19345
account: Meagan    Mccormick  balance: 4915
account: Terri    Cross  balance: 79374
account: Shannon    Griffith  balance: 73625
account: Christina    Gonzalez  balance: 96247
account: Heather    Hall  balance: 8487
account: Rebecca    Graves  balance: 11554
account: Jeremy    Rivera  balance: 79582
account: Carolyn    Roberts  balance: 27223
account: Michele    Walker  balance: 32269
account: Brian    Schultz  balance: 52668
account: Jacob    Cobb  balance: 6170
account: Tyler    Frank  balance: 5311
account: Jack    Wilson  balance: 78797
account: Matthew    Anderson  balance: 53951
account: Michaela    Little  balance: 85798
account: Zachary    Jackson  balance: 5311
account: Edwin    Andrews  balance: 29225
account: Andrea    Houston  balance: 12957
account: Brandon    Shepard  balance: 17201
account: Rebecca    Jackson  balance: 89107
account: John    Montoya  balance: 20831
account: Teresa    Lloyd  balance: 20916
account: Roger    Lyons  balance: 66648
account: Janet    Parker  balance: 52771
account: Linda    Davis  balance: 3522
account: Zachary    Brock  balance: 75750
account: Kristen    Tran  balance: 10158
account: Nicole    Martinez  balance: 90153
account: Michael    Sims  balance: 10131
account: Tracy    Graham  balance: 82822
account: Penny    Duffy  balance: 86432
account: Gregory    Hernandez  balance: 81207
account: Tammy    Hoffman  balance: 89258
account: Colton    Miller  balance: 7812
account: Elijah    Rodriguez  balance: 16001
account: Heather    Mullins  balance: 78475
account: Erin    Gordon  balance: 49167
account: Gabriel    Holder  balance: 26847
account: James    Spears  balance: 67879
account: Julia    Robinson  balance: 51066
account: Alexis    Dean  balance: 48208
account: Jessica    Walsh  balance: 66747
account: Lori    Baxter  balance: 35246
account: Jaime    Morris  balance: 9529
account: Donald    Williams  balance: 54411
account: Amy    Robbins  balance: 35510
account: Margaret    Taylor  balance: 83355
account: Erin    Johnson  balance: 84932
account: Sierra    Novak  balance: 49404
account: Lisa    Stokes  balance: 28074
account: Deanna    Brown  balance: 34838
account: Beth    Munoz  balance: 10516
account: Jennifer    Young  balance: 4873
account: Laura    Smith  balance: 52851
account: Justin    Clarke  balance: 12749
account: Jessica    Cox  balance: 61131
account: Barbara    Kelly  balance: 20677
account: Sean    Bender  balance: 76277
account: Stacy    Cooper  balance: 99675
account: Samantha    Adams  balance: 8026
account: Robert    Thompson  balance: 25075
account: Christopher    Vargas  balance: 15994
account: Danielle    Hines  balance: 25401
account: Elizabeth    Rogers  balance: 67850
account: Brittany    Manning  balance: 97595
account: Walter    Mitchell  balance: 63017
account: Rebekah    Hoffman  balance: 37466
account: Katherine    Pierce  balance: 84701
account: Crystal    Lopez  balance: 2635
account: Russell    Compton  balance: 59683
account: Hayden    Trujillo  balance: 90754
account: Sherry    Chapman  balance: 32792
account: Charles    Fuentes  balance: 34993
account: Linda    Nunez  balance: 67777
account: Scott    Walton  balance: 16504
account: Kimberly    Spencer  balance: 93255
account: Joe    Rivera  balance: 89883
account: Brandon    Jones  balance: 18311
account: Laurie    Thompson  balance: 55753
account: Crystal    White  balance: 14928
account: Lee    Schmitt  balance: 24644
account: Kenneth    Rodriguez  balance: 29420
account: Jamie    Garcia  balance: 43279
account: Stephen    Lynn  balance: 12739
account: Kelly    Dominguez  balance: 65954
account: Renee    Atkins  balance: 73451
account: Dustin    Sexton  balance: 15283
account: Jeremiah    Harris  balance: 65766
account: Nicole    Kaiser  balance: 54058
account: Alexis    Shaw  balance: 3556
account: Rebecca    House  balance: 41211
account: Anthony    White  balance: 38620
account: Kevin    James  balance: 27803
account: Haley    Moore  balance: 93820
account: Matthew    Cooper  balance: 90086
account: David    York  balance: 43020
account: Ashley    Lawrence  balance: 36005
account: Joseph    Horton  balance: 29157
account: Courtney    Cole  balance: 39409
account: Andrea    Simmons  balance: 91932
account: Angela    Barron  balance: 57223
account: James    Ballard  balance: 18086
account: Sherry    Myers  balance: 91777
account: Amy    Ford  balance: 40798
account: Christian    Lopez  balance: 175
account: Steven    Meadows  balance: 94794
account: Tanya    Bartlett  balance: 56438
account: Heather    Wells  balance: 96020
account: Jeremy    Ramirez  balance: 95467
account: Edward    Robinson  balance: 84264
account: Edward    Fields  balance: 34692
account: Michael    Walls  balance: 69411
account: Dustin    Henderson  balance: 40556
account: Brooke    Lynch  balance: 10200
account: Cole    Hernandez  balance: 81635
account: John    Richards  balance: 32395
account: Kevin    Wilson  balance: 14123
account: Adriana    Allen  balance: 7239
account: Angelica    Leon  balance: 4690
account: Lynn    Goodman  balance: 27974
account: Stephen    Mendez  balance: 41472
account: Daniel    Soto  balance: 52966
account: Johnny    Parrish  balance: 72929
account: Sarah    Owens  balance: 12384
account: James    Brown  balance: 41524
account: Howard    Evans  balance: 78766
account: Lisa    Brown  balance: 49784
account: Sean    Buck  balance: 67509
account: Jason    Calhoun  balance: 8161
account: Julie    Walker  balance: 81829
account: Kevin    Walker  balance: 87577
account: Carol    Lawson  balance: 17066
account: Heather    Allen  balance: 89705
account: Joan    Alvarado  balance: 19671
account: Frances    Murillo  balance: 29100
account: Jerry    Pena  balance: 52270
account: Ryan    Smith  balance: 14973
account: Amy    Marks  balance: 52758
account: Scott    Carey  balance: 44542
account: Jeremy    Baker  balance: 59605
account: Donna    Haley  balance: 988
account: Theresa    Smith  balance: 79017
account: David    Jackson  balance: 87055
account: Larry    Raymond  balance: 44301
account: Stacey    Jensen  balance: 52439
account: Christopher    Schultz  balance: 10019
account: Drew    Owens  balance: 16545
account: Jessica    Edwards  balance: 127
account: John    Lopez  balance: 4021
account: Lisa    Martinez  balance: 12537
account: Christina    Good  balance: 34794
account: Kevin    Everett  balance: 90831
account: Teresa    Perkins  balance: 36704
account: Jenna    Larson  balance: 53266
account: Jamie    Atkinson  balance: 46433
account: James    Stanton  balance: 66127
account: Thomas    Ramirez  balance: 5150
account: Steven    Bauer  balance: 63947
account: Renee    Lee  balance: 80655
account: Tara    Cannon  balance: 89804
account: Anthony    Webb  balance: 86898
account: Nicole    Mccall  balance: 10271
account: April    Holmes  balance: 6345
account: James    George  balance: 46315
account: Carlos    Banks  balance: 17349
account: Michael    Chambers  balance: 30240
account: Kelly    Miller  balance: 70740
account: Brian    Long  balance: 7132
account: Ashley    Mccann  balance: 90783
account: Shane    Figueroa  balance: 99798
account: Maurice    Ellis  balance: 46684
account: Madison    Bryan  balance: 62324
account: Christopher    Walker  balance: 68249
account: Timothy    Roman  balance: 79855
account: Christopher    Keith  balance: 65008
account: Rachel    Salinas  balance: 26549
account: Justin    Robertson  balance: 85767
account: Gloria    Olsen  balance: 67964
account: Zachary    Armstrong  balance: 6915
account: Valerie    Rodriguez  balance: 17863
account: Kevin    Coleman  balance: 81791
account: Anthony    Stafford  balance: 92046
account: Katrina    Patterson  balance: 97130
account: Matthew    Dudley  balance: 56114
account: Randall    Garrett  balance: 58314
account: Benjamin    Brown  balance: 45332
account: Miguel    Jones  balance: 4034
account: Patricia    Jones  balance: 39183
account: Alexander    Pearson  balance: 86056
account: Robert    Jenkins  balance: 40464
account: Lindsay    Williamson  balance: 10412
account: Kristin    Herman  balance: 59822
account: Sarah    Preston  balance: 99659
account: Charles    Woods  balance: 55279
account: Derrick    Winters  balance: 90374
account: Kevin    Carpenter  balance: 26937
account: Daniel    Russell  balance: 89531
account: Karl    Cox  balance: 60267
account: Willie    Silva  balance: 81525
account: Cynthia    Moody  balance: 1907
account: Albert    Morales  balance: 34806
account: Sean    James  balance: 2280
account: William    Banks  balance: 85475
account: Sarah    Wallace  balance: 44710
account: Jeffrey    Martin  balance: 30334
account: Stephanie    Reed  balance: 97968
account: Brian    Martin  balance: 15347
account: Cynthia    Carr  balance: 88823
account: Caroline    Williams  balance: 96849
account: Lisa    Brown  balance: 26960
account: Scott    Duncan  balance: 1477
account: Larry    Garrison  balance: 13626
account: Michael    Jones  balance: 58312
account: Lisa    Holloway  balance: 91880
account: Amy    Lee  balance: 57645
account: Craig    Taylor  balance: 45613
account: Amy    Anderson  balance: 9259
account: Edgar    Boone  balance: 8308
account: Elizabeth    Alexander  balance: 15061
account: Lauren    Moore  balance: 23725
account: Daniel    Smith  balance: 69725
account: Rachel    Fuentes  balance: 534
account: Christopher    Morrison  balance: 96662
account: Daniel    Brown  balance: 93344
account: Melinda    Kane  balance: 60435
account: Lauren    Ramirez  balance: 6802
account: Johnny    Roberts  balance: 42782
account: Walter    Contreras  balance: 44291
account: Christine    Olson  balance: 34593
account: Stephanie    Villa  balance: 37103
account: Sharon    Dunn  balance: 18223
account: Jason    Johnson  balance: 70379
account: Joseph    Figueroa  balance: 14453
account: Corey    Kaufman  balance: 35076
account: Ronald    Dawson  balance: 80331
account: Darren    Andrade  balance: 10803
account: Donald    Hartman  balance: 82403
account: Jonathan    Thomas  balance: 42453
account: Glenn    Owens  balance: 14955
account: Patricia    Kennedy  balance: 40100
account: Laura    Brown  balance: 48462
account: Anne    Roberts  balance: 3649
account: Jason    Kim  balance: 86645
account: Warren    Bell  balance: 46191
account: Joshua    Craig  balance: 71434
account: Leah    Rodriguez  balance: 91873
account: Matthew    Clark  balance: 54144
account: Jason    Roberts  balance: 65820
account: Shannon    Klein  balance: 92586
account: Jeffrey    Armstrong  balance: 80060
account: Nicholas    Rivera  balance: 74805
account: Erika    Brock  balance: 49188
account: Jonathan    Nunez  balance: 48373
account: Kristen    Alvarado  balance: 73415
account: Jeffrey    Moore  balance: 7242
account: Gary    Wells  balance: 27819
account: Douglas    Wong  balance: 69155
account: Zachary    Hicks  balance: 11768
account: Kevin    Holloway  balance: 7756
account: Michael    Moreno  balance: 50596
account: Tracey    Foster  balance: 51168
account: Deborah    Allen  balance: 41498
account: Kimberly    Parker  balance: 10357
account: Blake    King  balance: 73004
account: Denise    Roth  balance: 20891
account: Leslie    Price  balance: 65485
account: Benjamin    Vargas  balance: 35398
account: Melissa    Webb  balance: 43087
account: Kelly    Wagner  balance: 30224
account: Benjamin    Bernard  balance: 69972
account: Marcus    Lucas  balance: 81384
account: Dominique    Coleman  balance: 2677
account: Crystal    Smith  balance: 29191
account: Cynthia    Ochoa  balance: 20679
account: Monica    Kim  balance: 27785
account: Susan    Patterson  balance: 8702
account: Rachel    Coleman  balance: 16970
account: John    Gonzalez  balance: 66431
account: Cole    Garrett  balance: 82187
account: Julie    Herrera  balance: 22924
account: Christy    Stevens  balance: 9650
account: Ethan    Graham  balance: 92360
account: Vincent    Gray  balance: 77603
account: Joshua    Goodwin  balance: 33411
account: Kim    Carter  balance: 83297
account: Lindsey    Haas  balance: 82769
account: Vanessa    Flowers  balance: 53582
account: Lisa    Miller  balance: 71309
account: Lawrence    Collins  balance: 45311
account: Cody    Costa  balance: 51379
account: Connie    Cruz  balance: 90746
account: Thomas    Palmer  balance: 97901
account: Kelly    James  balance: 24696
account: Larry    Gray  balance: 8162
account: Theresa    Jones  balance: 55478
account: Michael    Warren  balance: 40337
account: Mary    Johnson  balance: 25007
account: Vanessa    Rogers  balance: 33945
account: Raymond    Stone  balance: 13502
account: Lisa    Wang  balance: 35560
account: Jennifer    Cook  balance: 6494
account: Donna    Cameron  balance: 55127
account: Angelica    Romero  balance: 53502
account: Fernando    Wheeler  balance: 81482
account: Jose    Burnett  balance: 68876
account: Timothy    Greene  balance: 51708
account: Noah    Torres  balance: 51730
account: Kimberly    Moore  balance: 20065
account: Melissa    Brown  balance: 97847
account: Alexander    Mccall  balance: 99486
account: Scott    Ingram  balance: 53713
account: Pam    Daniels  balance: 9529
account: David    Hurst  balance: 1027
account: Jorge    Vazquez  balance: 71782
account: Matthew    Reed  balance: 30086
account: Jamie    Phillips  balance: 55635
account: Angela    Powers  balance: 4316
account: Patrick    Chase  balance: 15856
account: Luis    Woodward  balance: 57930
account: Linda    Anderson  balance: 40379
account: Alice    Jordan  balance: 90767
account: Edward    Johnson  balance: 44573
account: Gregory    Duncan  balance: 74907
account: Sean    Flores  balance: 92342
account: Michael    Klein  balance: 48370
account: Erica    Jenkins  balance: 54061
account: Alexandra    Jones  balance: 94833
account: Deborah    Savage  balance: 1182
account: Roberta    Smith  balance: 6615
account: John    Dixon  balance: 89599
account: Chad    Murphy  balance: 38003
account: Alexis    Chen  balance: 3049
account: Beth    Marshall  balance: 26508
account: Joseph    Harvey  balance: 46785
account: Michael    Hill  balance: 40634
account: Angela    Walker  balance: 53723
account: Andrew    Hartman  balance: 45549
account: Charlene    Garza  balance: 17822
account: Aaron    Lee  balance: 46485
account: Jacqueline    Freeman  balance: 66049
account: Heather    Mitchell  balance: 61936
account: Clayton    Simpson  balance: 46206
account: Wesley    Freeman  balance: 77859
account: Sherry    Wu  balance: 26503
account: Jacob    Dawson  balance: 78599
account: Stacey    Meyer  balance: 95889
account: Brad    Wilcox  balance: 19359
account: Diamond    Trujillo  balance: 67591
account: Rhonda    Flores  balance: 35283
account: Devin    Hernandez  balance: 59920
account: Christina    Griffin  balance: 50324
account: Kristen    Decker  balance: 96144
account: Cheryl    Jacobson  balance: 26299
account: Manuel    Turner  balance: 43911
account: Joshua    Lewis  balance: 5398
account: Julie    Johnson  balance: 21736
account: Danny    Reeves  balance: 26295
account: Adam    Freeman  balance: 63263
account: Shawn    Schneider  balance: 1774
account: Jacob    Hendricks  balance: 36043
account: William    Hull  balance: 681
account: Luis    Wheeler  balance: 2523
account: Kevin    Gordon  balance: 6052
account: Summer    Myers  balance: 33627
account: Rodney    Kaiser  balance: 49476
account: Brett    Chen  balance: 98776
account: Madison    James  balance: 15798
account: David    Jones  balance: 36298
account: Benjamin    Pruitt  balance: 58848
account: Cory    Nelson  balance: 31998
account: Donna    Smith  balance: 79648
account: Ryan    Diaz  balance: 8832
account: Robert    Gonzalez  balance: 98240
account: Jeffrey    Brown  balance: 13801
account: Olivia    Reynolds  balance: 73741
account: Robert    Anderson  balance: 70575
account: Marc    Bryant  balance: 31740
account: Christopher    Norris  balance: 96211
account: Lee    Williams  balance: 96555
account: Brianna    Webb  balance: 57538
account: Christina    Hart  balance: 20520
account: Alison    Jones  balance: 41406
account: Rebecca    Thomas  balance: 74768
account: Sarah    Rose  balance: 6504
account: Megan    Russell  balance: 39623
account: Elizabeth    Peters  balance: 84798
account: David    Weber  balance: 31477
account: Alan    Brennan  balance: 31968
account: Jennifer    Rivera  balance: 92311
account: James    Martinez  balance: 20352
account: Cory    Williams  balance: 33943
account: Sharon    Collins  balance: 42615
account: Ashley    Williamson  balance: 49763
account: Jennifer    Anderson  balance: 87502
account: Melissa    Stanley  balance: 30040
account: Nathan    Walton  balance: 26698
account: Gerald    Kennedy  balance: 94241
account: Lynn    Brooks  balance: 32715
account: Rebekah    Knapp  balance: 14199
account: Gina    Joseph  balance: 64601
account: Joe    Bartlett  balance: 54234
account: Dylan    Blanchard  balance: 90857
account: Daniel    Brown  balance: 7772
account: Theodore    Mcmillan  balance: 72151
account: Scott    Shepherd  balance: 71424
account: John    Weber  balance: 69046
account: Patricia    Howard  balance: 14349
account: Philip    Schneider  balance: 88884
account: Timothy    Vincent  balance: 2785
account: Daniel    Thomas  balance: 37236
account: John    Smith  balance: 73899
account: Michael    Bailey  balance: 55151
account: Kyle    Kelly  balance: 22332
account: Jennifer    Mason  balance: 60445
account: Kimberly    Bautista  balance: 47063
account: Timothy    Hernandez  balance: 58103
account: Isaiah    Blankenship  balance: 60976
account: Jacob    Holden  balance: 9280
account: Stephen    Schneider  balance: 55942
account: Tyrone    Aguilar  balance: 14363
account: Ashley    Griffin  balance: 75165
account: Amanda    Young  balance: 1780
account: Nichole    Mitchell  balance: 32696
account: David    Bradshaw  balance: 84093
account: Heather    Mcintyre  balance: 27212
account: Kellie    Holloway  balance: 56188
account: Nancy    Garrett  balance: 96701
account: Andrea    Martinez  balance: 36250
account: Eric    Dillon  balance: 72945
account: Mike    Molina  balance: 71647
account: Richard    Richardson  balance: 93799
account: Christine    Macias  balance: 15167
account: Aaron    Robinson  balance: 73438
account: Marcus    Wade  balance: 15117
account: Kimberly    Mendoza  balance: 27844
account: Katie    Mcfarland  balance: 82202
account: Philip    Hall  balance: 49509
account: Tammy    Jones  balance: 3695
account: John    Mack  balance: 80507
account: Dana    Reed  balance: 35607
account: Bobby    Curtis  balance: 25657
account: Phillip    Moses  balance: 60407
account: Maria    Smith  balance: 92705
account: Ricky    Charles  balance: 87750
account: Elizabeth    Hall  balance: 2834
account: Valerie    Rhodes  balance: 35767
account: Jacob    Lee  balance: 3568
account: Susan    Garcia  balance: 24826
account: Ashley    Terrell  balance: 56303
account: Tina    Abbott  balance: 45317
account: Melissa    Howell  balance: 47607
account: Deborah    Lee  balance: 97821
account: James    Cohen  balance: 69072
account: Adam    Bass  balance: 41032
account: Annette    Parks  balance: 96995
account: Jeremy    Mosley  balance: 45423
account: Darren    Wood  balance: 72794
account: Stephen    Ward  balance: 85376
account: Michael    Griffin  balance: 5908
account: Edward    Velazquez  balance: 74075
account: Jared    Martin  balance: 5000
account: Diana    Romero  balance: 44535
account: Sherry    Duke  balance: 41486
account: Renee    Mitchell  balance: 50925
account: Mark    Morales  balance: 31267
account: David    Robinson  balance: 26619
account: Erin    Johnson  balance: 23286
account: Jamie    Reed  balance: 90077
account: Charles    Callahan  balance: 73506
account: Denise    Hill  balance: 14857
account: Rachel    Rocha  balance: 16230
account: Jennifer    Bailey  balance: 38713
account: Lisa    Taylor  balance: 58284
account: Debra    Cross  balance: 85155
account: Michele    Anderson  balance: 62081
account: Donald    Mckinney  balance: 75158
account: Michael    Nichols  balance: 82020
account: Diane    Ellison  balance: 8068
account: Sarah    Grant  balance: 68469
account: Patricia    Myers  balance: 54720
account: Michael    Matthews  balance: 20766
account: Joshua    Taylor  balance: 65741
account: Samantha    Dawson  balance: 66036
account: William    Chavez  balance: 67731
account: Bryan    Fletcher  balance: 79013
account: David    Kent  balance: 83866
account: Earl    Lopez  balance: 39459
account: Howard    Rodriguez  balance: 89630
account: William    Washington  balance: 86210
account: Kathryn    Harrington  balance: 98634
account: Stephanie    Oliver  balance: 24081
account: Andrew    Wolf  balance: 92740
account: Sabrina    Zavala  balance: 11604
account: Patrick    Lee  balance: 89016
account: Andrea    Johnson  balance: 96502
account: Jody    Pierce  balance: 89992
account: Sarah    Madden  balance: 79979
account: Daniel    Hernandez  balance: 5700
account: Sara    Rodriguez  balance: 80023
account: Jillian    Garcia  balance: 7582
account: David    Tanner  balance: 40848
account: Erica    Vasquez  balance: 73587
account: Kelly    Hopkins  balance: 97794
account: Jeremy    West  balance: 75205
account: Laura    Mayer  balance: 18322
account: Lori    King  balance: 79345
account: Jason    Wilson  balance: 14323
account: Aaron    Bennett  balance: 43128
account: Wendy    Brady  balance: 29348
account: Derek    Ali  balance: 44639
account: Alex    Nixon  balance: 71805
account: Jose    Quinn  balance: 69532
account: Christopher    Hester  balance: 52941
account: Michael    Cole  balance: 6128
account: Paula    Romero  balance: 30600
account: Douglas    Price  balance: 70935
account: Mary    Gilbert  balance: 58676
account: Elizabeth    Allen  balance: 94463
account: Shane    Solomon  balance: 70263
account: Patricia    Mcdonald  balance: 3380
account: John    James  balance: 92446
account: Timothy    Adams  balance: 37835
account: Tina    Chavez  balance: 60399
account: Claudia    Ramos  balance: 72502
account: Randy    Hansen  balance: 26710
account: Kathryn    Ross  balance: 96410
account: Sean    King  balance: 90515
account: Nicholas    Black  balance: 76068
account: Karen    Hall  balance: 35059
account: Joseph    Vargas  balance: 11758
account: Kristen    Williams  balance: 69079
account: Angelica    Garcia  balance: 86334
account: Martin    Brown  balance: 27639
account: Emily    Melendez  balance: 73225
account: Deborah    Hart  balance: 13801
account: Carrie    Yang  balance: 23866
account: Selena    Peck  balance: 30154
account: Timothy    Livingston  balance: 90529
account: Gabriel    Barber  balance: 4008
account: Aaron    Gentry  balance: 65105
account: Trevor    Johnson  balance: 54960
account: Rebecca    Cantu  balance: 42802
account: Mary    Pacheco  balance: 25837
account: Robert    Marquez  balance: 64648
account: Robert    Shepard  balance: 71195
account: Jamie    Duncan  balance: 73416
account: Samantha    Jackson  balance: 75933
account: Philip    Lewis  balance: 25202
account: Daniel    Nichols  balance: 77791
account: Patricia    Hamilton  balance: 71079
account: Marilyn    Burke  balance: 30853
account: Jerry    Cantrell  balance: 12824
account: Ronald    Jackson  balance: 40938
account: Ashlee    Vargas  balance: 19306
account: Misty    Rodriguez  balance: 99255
account: David    Fowler  balance: 11608
account: James    Thomas  balance: 26877
account: Desiree    Taylor  balance: 21899
account: Kimberly    Bailey  balance: 87247
account: Crystal    Tucker  balance: 83159
account: Mary    Roy  balance: 30043
account: Tyler    Gonzales  balance: 77922
account: Alice    Snyder  balance: 35788
account: Taylor    Esparza  balance: 94642
account: Joseph    Davis  balance: 89853
account: Daniel    Hess  balance: 19330
account: Patrick    Wood  balance: 96000
account: Elizabeth    Young  balance: 42372
account: Allison    Webb  balance: 19140
account: Connie    Diaz  balance: 6176
account: Kenneth    Boyer  balance: 75994
account: Michael    Smith  balance: 81727
account: Michael    Carter  balance: 49573
account: Joseph    Schneider  balance: 9613
account: Kathryn    Johnson  balance: 50528
account: Scott    Burns  balance: 95583
account: Dawn    Gibson  balance: 88833
account: Christopher    Morrow  balance: 4744
account: Tina    Stephens  balance: 20126
account: Jessica    Mueller  balance: 57094
account: Christy    Cole  balance: 68161
account: Michael    Rodriguez  balance: 38942
account: Jade    Chase  balance: 77802
account: Michael    Parker  balance: 72257
account: Andrew    Chapman  balance: 30514
account: Terri    Gibson  balance: 45872
account: Brian    Good  balance: 79051
account: Christopher    Bryant  balance: 55532
account: Maria    Peters  balance: 28048
account: William    Burns  balance: 50594
account: Kathy    Davis  balance: 26377
account: Lawrence    Santana  balance: 26233
account: Bridget    Herring  balance: 66680
account: Brian    Allen  balance: 93657
account: George    Gibson  balance: 94801
account: Robert    Thompson  balance: 99284
account: Stefanie    Jones  balance: 24118
account: Anne    Rodriguez  balance: 85038
account: Craig    Church  balance: 2496
account: Maria    Bennett  balance: 73813
account: Gloria    Smith  balance: 50747
account: Dean    Wang  balance: 17859
account: Morgan    Wolfe  balance: 43171
account: Jeffrey    Obrien  balance: 55773
account: Kathryn    Ortiz  balance: 82140
account: Richard    Hawkins  balance: 98722
account: Jon    Todd  balance: 57545
account: Ellen    Smith  balance: 39044
account: Justin    Calhoun  balance: 35513
account: Andre    Cruz  balance: 17250
account: Nicholas    Haynes  balance: 50940
account: Erica    Clark  balance: 24968
account: Billy    Martin  balance: 39167
account: Amy    Benson  balance: 67322
account: Benjamin    Marquez  balance: 50185
account: Brandon    Smith  balance: 95370
account: Desiree    Flores  balance: 49466
account: Wayne    Brown  balance: 40089
account: Angela    Wallace  balance: 31799
account: Roger    Reynolds  balance: 92409
account: Edward    Sanchez  balance: 18139
account: Brittany    Sosa  balance: 7078
account: Stephanie    Arnold  balance: 620
account: Sarah    Davenport  balance: 52967
account: Brian    Rogers  balance: 5515
account: Stephanie    Weaver  balance: 49547
account: Alexander    Walker  balance: 90243
account: Jessica    Castro  balance: 71437
account: Jennifer    Davenport  balance: 13074
account: Courtney    Allison  balance: 56486
account: Jeff    Jenkins  balance: 41349
account: Jessica    Matthews  balance: 77258
account: Kayla    Banks  balance: 83159
account: Jennifer    Hansen  balance: 38991
account: Patricia    Lawrence  balance: 78517
account: Randall    Young  balance: 30763
account: Kristen    Contreras  balance: 92665
account: Travis    Webb  balance: 53990
account: Alejandro    Lewis  balance: 2609
account: Christopher    Stanley  balance: 3315
account: Aaron    Thomas  balance: 57082
account: Maureen    Garcia  balance: 24801
account: Kevin    Stone  balance: 43197
account: Amber    Allen  balance: 68298
account: Kristina    Cardenas  balance: 75931
account: John    Brown  balance: 47753
account: Sabrina    Horn  balance: 87291
account: Courtney    Solomon  balance: 71538
account: Paul    Conrad  balance: 40413
account: Carrie    Wolfe  balance: 21389
account: Paul    Burke  balance: 37027
account: Mary    Oliver  balance: 52881
account: Allison    Chapman  balance: 54353
account: Juan    King  balance: 54369
account: Heather    Bender  balance: 54573
account: Olivia    Williams  balance: 94697
account: Matthew    Smith  balance: 92455
account: Jillian    Hale  balance: 72710
account: James    Norton  balance: 63501
account: April    Porter  balance: 8203
account: Jillian    Moody  balance: 4217
account: Jill    Johnson  balance: 72773
account: Anna    Smith  balance: 43857
account: Jessica    Wilson  balance: 68769
account: Scott    Carr  balance: 60126
account: Glenn    Dickerson  balance: 89194
account: Tom    Stuart  balance: 92016
account: Rebecca    Gilbert  balance: 34823
account: Amanda    Brown  balance: 7231
account: Robert    Anderson  balance: 39704
account: Emily    Anderson  balance: 79972
account: Chad    Brown  balance: 92125
account: Victoria    Morrison  balance: 13154
account: Mary    Hawkins  balance: 58030
account: Stacey    Anderson  balance: 32001
account: Steven    Scott  balance: 59089
account: James    Shaw  balance: 75640
account: Matthew    Payne  balance: 16082
account: Charles    Curry  balance: 49273
account: Larry    Barajas  balance: 18088
account: Sean    Ross  balance: 78721
account: Janet    Dorsey  balance: 54622
account: Marvin    Wright  balance: 16719
account: Matthew    Avery  balance: 33211
account: Cynthia    Serrano  balance: 52295
account: Ashley    Long  balance: 43804
account: Andrew    Snyder  balance: 6268
account: Teresa    Strong  balance: 73701
account: James    Bolton  balance: 87854
account: Zachary    Brooks  balance: 83190
account: Jeffrey    Garcia  balance: 78622
account: Jay    Mills  balance: 72610
account: Amanda    Russell  balance: 37041
account: Michele    Hernandez  balance: 31635
account: Colton    Castro  balance: 48292
account: Adrian    Johnson  balance: 17258
account: Derek    Hayes  balance: 39038
account: Jacqueline    Watson  balance: 29068
account: Audrey    Page  balance: 22193
account: Jason    Horne  balance: 66018
account: Pamela    Hubbard  balance: 26974
account: Elizabeth    King  balance: 32524
account: Kevin    Beck  balance: 37234
account: Ricardo    Hess  balance: 14320
account: Ethan    Brown  balance: 55810
account: Melissa    Whitney  balance: 34403
account: Megan    Harper  balance: 56428
account: Alexis    Contreras  balance: 21718
account: Cory    Simmons  balance: 76168
account: Paul    Santos  balance: 98755
account: Rachel    Reed  balance: 79515
account: Amanda    Thompson  balance: 43217
account: Alicia    Johnson  balance: 14017
account: Natalie    Turner  balance: 31202
account: Joseph    Lee  balance: 4718
account: Nicole    Jenkins  balance: 83039
account: Linda    Tucker  balance: 39259
account: Andrew    Serrano  balance: 81689
account: Annette    Mcfarland  balance: 23122
account: Eric    Mcdaniel  balance: 68296
account: Margaret    Jordan  balance: 42182
account: Ian    Harris  balance: 24396
account: Mallory    Smith  balance: 90240
account: Deborah    Boyd  balance: 6842
account: Robert    Wood  balance: 820
account: Shannon    Lopez  balance: 15137
account: Eric    Flores  balance: 90355
account: Barbara    Love  balance: 77008
account: Sarah    Holder  balance: 27527
account: Michelle    Lopez  balance: 31212
account: Emily    Short  balance: 11810
account: Makayla    Lucas  balance: 92750
account: Amber    Rhodes  balance: 99504
account: Michael    Rivera  balance: 82483
account: Erin    Williams  balance: 62282
account: Brandon    Madden  balance: 71776
account: Jeremy    Cook  balance: 8983
account: Kimberly    Cisneros  balance: 9529
account: Stephanie    Thomas  balance: 73383
account: Andrew    Schroeder  balance: 22719
account: Monica    Pratt  balance: 31617
account: Lindsey    Gibson  balance: 91106
account: Alison    Palmer  balance: 36718
account: Erica    Hall  balance: 7682
account: Cheryl    Graves  balance: 20162
account: Wendy    Dawson  balance: 45382
account: Jesse    Gonzalez  balance: 10437
account: Tamara    Davidson  balance: 66160
account: Matthew    Lee  balance: 71509
account: Joseph    Howell  balance: 15665
account: Rebecca    Gonzalez  balance: 34135
account: Robert    Gomez  balance: 5959
account: Michele    Gregory  balance: 60086
account: Rachel    Mcclain  balance: 65136
account: George    Morgan  balance: 16851
account: Heather    Blake  balance: 31869
account: Desiree    Galvan  balance: 64802
account: Kevin    Cole  balance: 59456
account: Amy    Smith  balance: 45777
account: Stephanie    Quinn  balance: 48563
account: Angela    Holmes  balance: 1615
account: Sean    Cain  balance: 20659
account: Diane    Lee  balance: 78790
account: Michael    Simmons  balance: 96611
account: Anthony    Davis  balance: 55928
account: Jessica    Melton  balance: 60251
account: Robert    Walker  balance: 19041
account: Brooke    Goodman  balance: 45423
account: Alice    Mendoza  balance: 46361
account: Douglas    Thomas  balance: 76046
account: Paula    Snyder  balance: 74482
account: Angelica    Miller  balance: 3967
account: Jonathan    Lewis  balance: 77924
account: Anna    Lopez  balance: 51520
account: Jacqueline    Davis  balance: 91745
account: Richard    Gray  balance: 20396
account: Cristina    Gardner  balance: 35500
account: Martha    Hudson  balance: 84361
account: James    Brown  balance: 88602
account: Nathan    Burke  balance: 94698
account: Ashley    Williams  balance: 80138
account: Russell    Morse  balance: 5111
account: Michael    Nelson  balance: 77199
account: Andrew    Bean  balance: 53260
account: Nicholas    Moreno  balance: 21503
account: Linda    Parsons  balance: 16560
account: Maria    Tran  balance: 74707
account: Jesus    Carter  balance: 18272
account: Allison    Aguirre  balance: 17894
account: Angela    Allen  balance: 6177
account: Courtney    Lopez  balance: 67050
account: Jennifer    Hudson  balance: 76202
account: Christian    Anderson  balance: 27415
account: Patricia    Anderson  balance: 56438
account: Patricia    Vasquez  balance: 23168
account: Kristine    Rodriguez  balance: 22226
account: Sean    Delgado  balance: 10433
account: Travis    Wood  balance: 30914
account: Lauren    Newman  balance: 33349
account: Daniel    Contreras  balance: 25348
account: Haley    Garrett  balance: 38053
account: Micheal    Schneider  balance: 54832
account: Julian    Martin  balance: 75398
account: Richard    Reynolds  balance: 76838
account: Paige    Clark  balance: 7951
account: Michelle    Hill  balance: 58208
account: Kristin    Fox  balance: 84431
account: Richard    Castro  balance: 22601
account: Jasmine    Stevens  balance: 10245




>>> from t1 import richest                           
>>> richest()             
BankAccount object (29751)



>>> from t1 import less_amount
>>> less_amount()
BankAccount object (21558)
BankAccount object (36185)
BankAccount object (28696)
BankAccount object (29395)
BankAccount object (29686)

>>> from t1 import transfer_money           
>>> transfer_money(29751,29686,1000)
before transfer: 
balance: 99992  the account: 84789687058291669885
balance: 127  the account: 40848869788808475954
after transfer:
balance: 98992  the account: 84789687058291669885
balance: 1127  the account: 40848869788808475954



>>> from t1 import acoount_grter     
>>> acoount_grter()
<QuerySet [<BankAccount: BankAccount object (20002)>, <BankAccount: BankAccount object (20003)>, <BankAccount: BankAccount object (20005)>, <BankAccount: BankAccount object (20010)>, <BankAccount: BankAccount object (20011)>, <BankAccount: BankAccount object (20014)>, <BankAccount: BankAccount object (20016)>, <BankAccount: BankAccount object (20017)>, <BankAccount: BankAccount object (20019)>, <BankAccount: BankAccount object (20020)>, <BankAccount: BankAccount object (20021)>, <BankAccount: BankAccount object (20022)>, <BankAccount: BankAccount object (20023)>, <BankAccount: BankAccount object (20025)>, <BankAccount: BankAccount object (20028)>, <BankAccount: BankAccount object (20034)>, <BankAccount: BankAccount object (20038)>, <BankAccount: BankAccount object (20039)>, <BankAccount: BankAccount object (20041)>, <BankAccount: BankAccount object (20044)>, '...(remaining elements truncated)...']>